20 9
#R(AU)	phi(rad)	I	Q	U	V
10 0 1.46198 0.0188165 -2.38942e-15 0
10 0.392699 1.46346 0.0184272 0.00157522 0
10 0.785398 1.46696 0.0174002 0.00273774 0
10 1.1781 1.47259 0.0160669 0.00320986 0
10 1.5708 1.47878 0.014865 0.00295785 0
10 1.9635 1.48327 0.0140633 0.00220826 0
10 2.35619 1.4855 0.013744 0.00129876 0
10 2.74889 1.48854 0.0137543 0.000578029 0
10 3.14159 1.48918 0.0137848 -2.57291e-15 0
11.2824 0 1.41472 0.0194875 -2.30169e-15 0
11.2824 0.392699 1.41591 0.0190721 0.0016156 0
11.2824 0.785398 1.42095 0.0180103 0.00275847 0
11.2824 1.1781 1.42664 0.0166441 0.00317137 0
11.2824 1.5708 1.43212 0.0154772 0.00282016 0
11.2824 1.9635 1.43628 0.014802 0.00201225 0
11.2824 2.35619 1.43919 0.0146619 0.00113562 0
11.2824 2.74889 1.4399 0.0147651 0.000460829 0
11.2824 3.14159 1.44007 0.0148496 -2.48137e-15 0
12.7293 0 1.36017 0.0200047 -2.20098e-15 0
12.7293 0.392699 1.36136 0.0195746 0.00165272 0
12.7293 0.785398 1.36594 0.0184551 0.00280177 0
12.7293 1.1781 1.37155 0.0170566 0.00313387 0
12.7293 1.5708 1.37703 0.0159039 0.00266345 0
12.7293 1.9635 1.38137 0.0153627 0.0017592 0
12.7293 2.35619 1.38397 0.0154015 0.00087669 0
12.7293 2.74889 1.38526 0.0157201 0.000287241 0
12.7293 3.14159 1.3855 0.0158605 -2.39721e-15 0
14.3617 0 1.29846 0.0203168 -2.08959e-15 0
14.3617 0.392699 1.29979 0.0198579 0.00169953 0
14.3617 0.785398 1.30338 0.0186794 0.00284942 0
14.3617 1.1781 1.30954 0.0172353 0.00311447 0
14.3617 1.5708 1.31455 0.016104 0.00252981 0
14.3617 1.9635 1.31866 0.0156958 0.00149767 0
14.3617 2.35619 1.32069 0.0159154 0.00059163 0
14.3617 2.74889 1.32144 0.0163988 0.000105749 0
14.3617 3.14159 1.32166 0.0166095 -2.28677e-15 0
16.2034 0 1.22947 0.0203367 -1.96292e-15 0
16.2034 0.392699 1.23097 0.0198621 0.0017359 0
16.2034 0.785398 1.23466 0.0186313 0.0028873 0
16.2034 1.1781 1.24081 0.0171553 0.00308798 0
16.2034 1.5708 1.24585 0.0160599 0.00237831 0
16.2034 1.9635 1.24901 0.015756 0.0012436 0
16.2034 2.35619 1.25075 0.0161691 0.000311089 0
16.2034 2.74889 1.25093 0.0168068 -7.32194e-05 0
16.2034 3.14159 1.251 0.017086 -2.1579e-15 0
18.2814 0 1.15573 0.0200555 -1.83322e-15 0
18.2814 0.392699 1.15708 0.0195675 0.00176134 0
18.2814 0.785398 1.16143 0.0183009 0.00289602 0
18.2814 1.1781 1.16644 0.0167954 0.00304427 0
18.2814 1.5708 1.17152 0.0157243 0.00224116 0
18.2814 1.9635 1.1742 0.0155318 0.00100733 0
18.2814 2.35619 1.17533 0.0161041 5.81572e-05 0
18.2814 2.74889 1.17522 0.0168925 -0.000236869 0
18.2814 3.14159 1.17512 0.0172375 -2.00996e-15 0
20.6258 0 1.07739 0.0194311 -1.69389e-15 0
20.6258 0.392699 1.07869 0.0189336 0.00175173 0
20.6258 0.785398 1.08285 0.0176546 0.00286653 0
20.6258 1.1781 1.08816 0.0161529 0.00296205 0
20.6258 1.5708 1.09286 0.0151246 0.00209411 0
20.6258 1.9635 1.09537 0.0150115 0.000814296 0
20.6258 2.35619 1.09582 0.0157232 -0.000154191 0
20.6258 2.74889 1.09531 0.0166272 -0.000372226 0
20.6258 3.14159 1.09518 0.0170204 -1.84256e-15 0
23.2709 0 0.996619 0.0184611 -1.55776e-15 0
23.2709 0.392699 0.997928 0.0179685 0.00169117 0
23.2709 0.785398 1.00179 0.0167229 0.0027551 0
23.2709 1.1781 1.00661 0.0152705 0.00281588 0
23.2709 1.5708 1.01081 0.0142964 0.00193364 0
23.2709 1.9635 1.01308 0.014242 0.000654239 0
23.2709 2.35619 1.01331 0.0150117 -0.000288052 0
23.2709 2.74889 1.01217 0.0160003 -0.000462544 0
23.2709 3.14159 1.01203 0.0164196 -1.65834e-15 0
26.2552 0 0.913234 0.0170904 -1.4178e-15 0
26.2552 0.392699 0.914374 0.0166269 0.0015591 0
26.2552 0.785398 0.917741 0.0154618 0.00251622 0
26.2552 1.1781 0.92232 0.0141365 0.00253573 0
26.2552 1.5708 0.925896 0.0132754 0.00170153 0
26.2552 1.9635 0.927696 0.0132657 0.000505749 0
26.2552 2.35619 0.927588 0.0140549 -0.000377258 0
26.2552 2.74889 0.926975 0.0150148 -0.000494188 0
26.2552 3.14159 0.926739 0.0154418 -1.45506e-15 0
29.6222 0 0.830701 0.0154377 -1.2808e-15 0
29.6222 0.392699 0.832248 0.0150225 0.00137914 0
29.6222 0.785398 0.835331 0.013983 0.00221119 0
29.6222 1.1781 0.839411 0.0128229 0.00220363 0
29.6222 1.5708 0.842604 0.0120932 0.00144844 0
29.6222 1.9635 0.844026 0.012126 0.000380328 0
29.6222 2.35619 0.843698 0.0128647 -0.000398721 0
29.6222 2.74889 0.842932 0.0137618 -0.000481481 0
29.6222 3.14159 0.842222 0.0141732 -1.25304e-15 0
33.4209 0 0.752306 0.0136383 -1.15227e-15 0
33.4209 0.392699 0.753684 0.0132803 0.00117479 0
33.4209 0.785398 0.756444 0.0123928 0.00187587 0
33.4209 1.1781 0.760367 0.0114207 0.00185797 0
33.4209 1.5708 0.763144 0.0108237 0.00121644 0
33.4209 1.9635 0.76424 0.0108694 0.000310921 0
33.4209 2.35619 0.763475 0.0115207 -0.000358564 0
33.4209 2.74889 0.762649 0.0123076 -0.000424238 0
33.4209 3.14159 0.761953 0.0126686 -1.0498e-15 0
37.7069 0 0.67795 0.0117784 -1.03297e-15 0
37.7069 0.392699 0.679351 0.0114825 0.000951931 0
37.7069 0.785398 0.682221 0.0107688 0.00151575 0
37.7069 1.1781 0.685546 0.0099999 0.00151166 0
37.7069 1.5708 0.688129 0.00953335 0.00101026 0
37.7069 1.9635 0.688781 0.009574 0.000291392 0
37.7069 2.35619 0.688053 0.0100899 -0.000250756 0
37.7069 2.74889 0.686784 0.0107353 -0.000328493 0
37.7069 3.14159 0.685871 0.0110309 -8.55512e-16 0
42.5424 0 0.608273 0.00992429 -9.2385e-16 0
42.5424 0.392699 0.609254 0.0097053 0.000721717 0
42.5424 0.785398 0.612586 0.00917185 0.00115359 0
42.5424 1.1781 0.61563 0.00861316 0.00117168 0
42.5424 1.5708 0.617771 0.00827551 0.000831193 0
42.5424 1.9635 0.618283 0.00828203 0.000314528 0
42.5424 2.35619 0.617386 0.00864579 -0.000105824 0
42.5424 2.74889 0.615221 0.00911904 -0.000204325 0
42.5424 3.14159 0.6146 0.00932905 -6.68939e-16 0
47.9981 0 0.54266 0.00813999 -8.22423e-16 0
47.9981 0.392699 0.543988 0.00799651 0.00048799 0
47.9981 0.785398 0.547347 0.00765772 0.000796548 0
47.9981 1.1781 0.550852 0.00730518 0.000851768 0
47.9981 1.5708 0.552688 0.00707897 0.000680243 0
47.9981 1.9635 0.553025 0.00705034 0.000369181 0
47.9981 2.35619 0.551153 0.00724181 6.77145e-05 0
47.9981 2.74889 0.548661 0.00752189 -5.74217e-05 0
47.9981 3.14159 0.547614 0.00765945 -4.97448e-16 0
54.1534 0 0.481586 0.00645941 -7.28728e-16 0
54.1534 0.392699 0.483011 0.00639788 0.000258676 0
54.1534 0.785398 0.486841 0.00625483 0.000452567 0
54.1534 1.1781 0.490948 0.00610253 0.000555796 0
54.1534 1.5708 0.492717 0.00598051 0.00055528 0
54.1534 1.9635 0.492703 0.00590386 0.000443389 0
54.1534 2.35619 0.489781 0.00591712 0.000259317 0
54.1534 2.74889 0.486544 0.0059988 9.92432e-05 0
54.1534 3.14159 0.485316 0.00604947 -3.40115e-16 0
61.0981 0 0.422749 0.00490596 -6.37465e-16 0
61.0981 0.392699 0.425035 0.00492421 3.47758e-05 0
61.0981 0.785398 0.430151 0.00497891 0.000119908 0
61.0981 1.1781 0.435368 0.00502748 0.000281054 0
61.0981 1.5708 0.437771 0.00499587 0.000453737 0
61.0981 1.9635 0.436706 0.00486379 0.000534183 0
61.0981 2.35619 0.432314 0.00469406 0.000462345 0
61.0981 2.74889 0.427565 0.00458045 0.000258406 0
61.0981 3.14159 0.425377 0.00454971 -1.99179e-16 0
68.9334 0 0.365001 0.00345795 -5.42477e-16 0
68.9334 0.392699 0.368139 0.00356289 -0.000198338 0
68.9334 0.785398 0.375123 0.00382832 -0.000222399 0
68.9334 1.1781 0.38336 0.00409087 9.02449e-06 0
68.9334 1.5708 0.387669 0.00415562 0.000372484 0
68.9334 1.9635 0.384314 0.00394755 0.000651937 0
68.9334 2.35619 0.376566 0.00358096 0.000686592 0
68.9334 2.74889 0.369789 0.00326615 0.000429543 0
68.9334 3.14159 0.366686 0.00314925 -6.93768e-17 0
77.7735 0 0.303376 0.00205011 -4.30842e-16 0
77.7735 0.392699 0.307944 0.00225276 -0.000466944 0
77.7735 0.785398 0.318399 0.00275972 -0.000633168 0
77.7735 1.1781 0.331903 0.00330075 -0.000322742 0
77.7735 1.5708 0.339551 0.0034924 0.000301737 0
77.7735 1.9635 0.332464 0.00316802 0.000840338 0
77.7735 2.35619 0.319205 0.00254927 0.000976999 0
77.7735 2.74889 0.308824 0.00201111 0.000632273 0
77.7735 3.14159 0.304247 0.00180186 5.37885e-17 0
87.7472 0 0.23174 0.000636208 -2.91165e-16 0
87.7472 0.392699 0.235466 0.000903254 -0.000788524 0
87.7472 0.785398 0.248647 0.00165309 -0.00120553 0
87.7472 1.1781 0.269746 0.0025878 -0.000900543 0
87.7472 1.5708 0.2864 0.00308352 0.000221939 0
87.7472 1.9635 0.269868 0.00247581 0.00123975 0
87.7472 2.35619 0.248894 0.00150452 0.00140272 0
87.7472 2.74889 0.235745 0.000748611 0.000877921 0
87.7472 3.14159 0.232034 0.000480331 1.6709e-16 0
99 0 0.145061 -0.000531445 -1.24976e-16 0
99 0.392699 0.145272 -0.000269064 -0.000983501 0
99 0.785398 0.145621 0.000443933 -0.00163937 0
99 1.1781 0.151763 0.00150693 -0.00169553 0
99 1.5708 0.124144 0.00199875 2.02228e-05 0
99 1.9635 0.151689 0.00147094 0.00176198 0
99 2.35619 0.145602 0.000397529 0.0016866 0
99 2.74889 0.145296 -0.000322769 0.00100891 0
99 3.14159 0.145098 -0.000586884 2.26267e-16 0
